d:\cocos2d-x-2.2.6\projects\chessnet\proj.win32\debug.win32\vc120.pdb
d:\cocos2d-x-2.2.6\projects\chessnet\proj.win32\debug.win32\vc120.idb
d:\cocos2d-x-2.2.6\projects\chessnet\proj.win32\debug.win32\appdelegate.obj
d:\cocos2d-x-2.2.6\projects\chessnet\proj.win32\debug.win32\game.obj
d:\cocos2d-x-2.2.6\projects\chessnet\proj.win32\debug.win32\net.obj
d:\cocos2d-x-2.2.6\projects\chessnet\proj.win32\debug.win32\plate.obj
d:\cocos2d-x-2.2.6\projects\chessnet\proj.win32\debug.win32\scenegame.obj
d:\cocos2d-x-2.2.6\projects\chessnet\proj.win32\debug.win32\scenestart.obj
d:\cocos2d-x-2.2.6\projects\chessnet\proj.win32\debug.win32\step.obj
d:\cocos2d-x-2.2.6\projects\chessnet\proj.win32\debug.win32\stone.obj
d:\cocos2d-x-2.2.6\projects\chessnet\proj.win32\debug.win32\main.obj
d:\cocos2d-x-2.2.6\projects\chessnet\proj.win32\debug.win32\chessnet.ilk
d:\cocos2d-x-2.2.6\projects\chessnet\proj.win32\debug.win32\chessnet.exe
d:\cocos2d-x-2.2.6\projects\chessnet\proj.win32\debug.win32\chessnet.pdb
d:\cocos2d-x-2.2.6\projects\chessnet\proj.win32\debug.win32\libextensions.ilk
d:\cocos2d-x-2.2.6\projects\chessnet\proj.win32\debug.win32\libcocos2d.exp
d:\cocos2d-x-2.2.6\projects\chessnet\proj.win32\debug.win32\libcocosdenshion.exp
d:\cocos2d-x-2.2.6\projects\chessnet\proj.win32\debug.win32\libextensions.exp
d:\cocos2d-x-2.2.6\projects\chessnet\proj.win32\debug.win32\libcocos2d.pdb
d:\cocos2d-x-2.2.6\projects\chessnet\proj.win32\debug.win32\libcocosdenshion.pdb
d:\cocos2d-x-2.2.6\projects\chessnet\proj.win32\debug.win32\libextensions.pdb
d:\cocos2d-x-2.2.6\projects\chessnet\proj.win32\debug.win32\chessnet.tlog\cl.command.1.tlog
d:\cocos2d-x-2.2.6\projects\chessnet\proj.win32\debug.win32\chessnet.tlog\cl.read.1.tlog
d:\cocos2d-x-2.2.6\projects\chessnet\proj.win32\debug.win32\chessnet.tlog\cl.write.1.tlog
d:\cocos2d-x-2.2.6\projects\chessnet\proj.win32\debug.win32\chessnet.tlog\link.command.1.tlog
d:\cocos2d-x-2.2.6\projects\chessnet\proj.win32\debug.win32\chessnet.tlog\link.read.1.tlog
d:\cocos2d-x-2.2.6\projects\chessnet\proj.win32\debug.win32\chessnet.tlog\link.write.1.tlog
