生成启动时间为 2016/8/14 10:47:54。
     1>项目“D:\cocos2d-x-2.2.6\projects\ChessNet\proj.win32\ChessNet.vcxproj”在节点 2 上(Build 个目标)。
     1>ClCompile:
         D:\visual studio\VC\bin\CL.exe /c /I"D:\cocos2d-x-2.2.6\projects\ChessNet\proj.win32\..\..\..\cocos2dx" /I"D:\cocos2d-x-2.2.6\projects\ChessNet\proj.win32\..\..\..\cocos2dx\include" /I"D:\cocos2d-x-2.2.6\projects\ChessNet\proj.win32\..\..\..\cocos2dx\kazmath\include" /I"D:\cocos2d-x-2.2.6\projects\ChessNet\proj.win32\..\..\..\cocos2dx\platform\win32" /I"D:\cocos2d-x-2.2.6\projects\ChessNet\proj.win32\..\..\..\cocos2dx\platform\third_party\win32" /I"D:\cocos2d-x-2.2.6\projects\ChessNet\proj.win32\..\..\..\cocos2dx\platform\third_party\win32\OGLES" /I"D:\cocos2d-x-2.2.6\projects\ChessNet\proj.win32\..\..\..\external" /I"D:\cocos2d-x-2.2.6\projects\ChessNet\proj.win32\..\..\..\external\chipmunk\include\chipmunk" /I"D:\cocos2d-x-2.2.6\projects\ChessNet\proj.win32\..\..\..\CocosDenshion\include" /I"D:\cocos2d-x-2.2.6\projects\ChessNet\proj.win32\..\..\..\extensions" /I..\Classes /I.. /ZI /nologo /W3 /WX- /Od /Oy- /D WIN32 /D _DEBUG /D _WINDOWS /D _USE_MATH_DEFINES /D GL_GLEXT_PROTOTYPES /D CC_ENABLE_CHIPMUNK_INTEGRATION=1 /D COCOS2D_DEBUG=1 /D _CRT_SECURE_NO_WARNINGS /D _SCL_SECURE_NO_WARNINGS /D _USING_V110_SDK71_ /D _UNICODE /D UNICODE /Gm /EHsc /RTC1 /MDd /GS /fp:precise /Zc:wchar_t /Zc:forScope /Fo"Debug.win32\\" /Fd"Debug.win32\vc120.pdb" /Gd /TP /wd4267 /wd4251 /wd4244 /analyze- /errorReport:prompt ..\Classes\Game.cpp ..\Classes\Net.cpp ..\Classes\SceneGame.cpp
         SceneGame.cpp
         正在生成代码...
         正在编译...
         Net.cpp
         Game.cpp
     1>d:\cocos2d-x-2.2.6\projects\chessnet\classes\game.cpp(30): warning C4305: “参数”: 从“double”到“float”截断
         正在生成代码...
       PreLinkEvent:
         if not exist "D:\cocos2d-x-2.2.6\projects\ChessNet\proj.win32\Debug.win32\" mkdir "D:\cocos2d-x-2.2.6\projects\ChessNet\proj.win32\Debug.win32\"
         xcopy /Y /Q "D:\cocos2d-x-2.2.6\projects\ChessNet\proj.win32\..\..\..\external\libwebsockets\win32\lib\*.*" "D:\cocos2d-x-2.2.6\projects\ChessNet\proj.win32\Debug.win32\"
         :VCEnd
         复制了 2 个文件
       Link:
         D:\visual studio\VC\bin\link.exe /ERRORREPORT:PROMPT /OUT:"D:\cocos2d-x-2.2.6\projects\ChessNet\proj.win32\Debug.win32\ChessNet.exe" /INCREMENTAL /NOLOGO /LIBPATH:"D:\cocos2d-x-2.2.6\projects\ChessNet\proj.win32\Debug.win32\\" libExtensions.lib libcocos2d.lib libCocosDenshion.lib opengl32.lib glew32.lib libBox2d.lib libchipmunk.lib libcurl_imp.lib pthreadVCE2.lib websockets.lib ws2_32.lib kernel32.lib user32.lib gdi32.lib winspool.lib comdlg32.lib advapi32.lib shell32.lib ole32.lib oleaut32.lib uuid.lib odbc32.lib odbccp32.lib /MANIFEST /MANIFESTUAC:"level='asInvoker' uiAccess='false'" /manifest:embed /DEBUG /PDB:"D:\cocos2d-x-2.2.6\projects\ChessNet\proj.win32\Debug.win32\ChessNet.pdb" /SUBSYSTEM:WINDOWS,"5.01" /TLBID:1 /DYNAMICBASE /NXCOMPAT /IMPLIB:"D:\cocos2d-x-2.2.6\projects\ChessNet\proj.win32\Debug.win32\ChessNet.lib" /MACHINE:X86 /SAFESEH Debug.win32\AppDelegate.obj
         Debug.win32\backMusic.obj
         Debug.win32\Game.obj
         Debug.win32\Net.obj
         Debug.win32\Plate.obj
         Debug.win32\SceneGame.obj
         Debug.win32\SceneStart.obj
         Debug.win32\Step.obj
         Debug.win32\Stone.obj
         Debug.win32\main.obj
         "D:\cocos2d-x-2.2.6\projects\ChessNet\proj.win32\Debug.win32\libcocos2d.lib"
         "D:\cocos2d-x-2.2.6\projects\ChessNet\proj.win32\Debug.win32\libCocosDenshion.lib"
         "D:\cocos2d-x-2.2.6\projects\ChessNet\proj.win32\Debug.win32\libExtensions.lib"
         "D:\cocos2d-x-2.2.6\projects\ChessNet\proj.win32\Debug.win32\libBox2D.lib"
         "D:\cocos2d-x-2.2.6\projects\ChessNet\proj.win32\Debug.win32\libchipmunk.lib"
     1>AppDelegate.obj : warning LNK4075: 忽略“/EDITANDCONTINUE”(由于“/SAFESEH”规范)
         ChessNet.vcxproj -> D:\cocos2d-x-2.2.6\projects\ChessNet\proj.win32\Debug.win32\ChessNet.exe
     1>已完成生成项目“D:\cocos2d-x-2.2.6\projects\ChessNet\proj.win32\ChessNet.vcxproj”(Build 个目标)的操作。

生成成功。

已用时间 00:00:12.33
